This file contains any messages produced by compilers while
running configure, to aid debugging if configure makes a mistake.

It was created by libusb configure 1.0.19, which was
generated by GNU Autoconf 2.69.  Invocation command line was

  $ ./configure 

## --------- ##
## Platform. ##
## --------- ##

hostname = manta.PSYCH.UPENN.EDU
uname -m = x86_64
uname -r = 14.0.0
uname -s = Darwin
uname -v = Darwin Kernel Version 14.0.0: Fri Sep 19 00:26:44 PDT 2014; root:xnu-2782.1.97~2/RELEASE_X86_64

/usr/bin/uname -p = i386
/bin/uname -X     = unknown

/bin/arch              = unknown
/usr/bin/arch -k       = unknown
/usr/convex/getsysinfo = unknown
/usr/bin/hostinfo      = Mach kernel version:
	 Darwin Kernel Version 14.0.0: Fri Sep 19 00:26:44 PDT 2014; root:xnu-2782.1.97~2/RELEASE_X86_64
Kernel configured for up to 8 processors.
4 processors are physically available.
8 processors are logically available.
Processor type: i486 (Intel 80486)
Processors active: 0 1 2 3 4 5 6 7
Primary memory available: 32.00 gigabytes
Default processor set: 242 tasks, 1049 threads, 8 processors
Load average: 1.88, Mach factor: 6.11
/bin/machine           = unknown
/usr/bin/oslevel       = unknown
/bin/universe          = unknown

PATH: /opt/local/bin
PATH: /opt/local/sbin
PATH: /usr/local/bin
PATH: /usr/bin
PATH: /bin
PATH: /usr/sbin
PATH: /sbin


## ----------- ##
## Core tests. ##
## ----------- ##

configure:2416: checking for a BSD-compatible install
configure:2484: result: /usr/bin/install -c
configure:2495: checking whether build environment is sane
configure:2550: result: yes
configure:2701: checking for a thread-safe mkdir -p
configure:2740: result: ./install-sh -c -d
configure:2747: checking for gawk
configure:2777: result: no
configure:2747: checking for mawk
configure:2777: result: no
configure:2747: checking for nawk
configure:2777: result: no
configure:2747: checking for awk
configure:2763: found /usr/bin/awk
configure:2774: result: awk
configure:2785: checking whether make sets $(MAKE)
configure:2807: result: yes
configure:2836: checking whether make supports nested variables
configure:2853: result: yes
configure:2979: checking whether to enable maintainer-specific portions of Makefiles
configure:2988: result: no
configure:3017: checking whether make supports nested variables
configure:3034: result: yes
configure:3095: checking for gcc
configure:3111: found /usr/bin/gcc
configure:3122: result: gcc
configure:3351: checking for C compiler version
configure:3360: gcc --version >&5
Apple LLVM version 6.0 (clang-600.0.56) (based on LLVM 3.5svn)
Target: x86_64-apple-darwin14.0.0
Thread model: posix
Configured with: --prefix=/Applications/Xcode.app/Contents/Developer/usr --with-gxx-include-dir=/usr/include/c++/4.2.1
configure:3371: $? = 0
configure:3360: gcc -v >&5
Configured with: --prefix=/Applications/Xcode.app/Contents/Developer/usr --with-gxx-include-dir=/usr/include/c++/4.2.1
Apple LLVM version 6.0 (clang-600.0.56) (based on LLVM 3.5svn)
Target: x86_64-apple-darwin14.0.0
Thread model: posix
configure:3371: $? = 0
configure:3360: gcc -V >&5
clang: error: argument to '-V' is missing (expected 1 value)
clang: error: no input files
configure:3371: $? = 1
configure:3360: gcc -qversion >&5
clang: error: unknown argument: '-qversion'
clang: error: no input files
configure:3371: $? = 1
configure:3391: checking whether the C compiler works
configure:3413: gcc    conftest.c  >&5
configure:3417: $? = 0
configure:3465: result: yes
configure:3468: checking for C compiler default output file name
configure:3470: result: a.out
configure:3476: checking for suffix of executables
configure:3483: gcc -o conftest    conftest.c  >&5
configure:3487: $? = 0
configure:3509: result: 
configure:3531: checking whether we are cross compiling
configure:3539: gcc -o conftest    conftest.c  >&5
configure:3543: $? = 0
configure:3550: ./conftest
configure:3554: $? = 0
configure:3569: result: no
configure:3574: checking for suffix of object files
configure:3596: gcc -c   conftest.c >&5
configure:3600: $? = 0
configure:3621: result: o
configure:3625: checking whether we are using the GNU C compiler
configure:3644: gcc -c   conftest.c >&5
configure:3644: $? = 0
configure:3653: result: yes
configure:3662: checking whether gcc accepts -g
configure:3682: gcc -c -g  conftest.c >&5
configure:3682: $? = 0
configure:3723: result: yes
configure:3740: checking for gcc option to accept ISO C89
configure:3803: gcc  -c -g -O2  conftest.c >&5
configure:3803: $? = 0
configure:3816: result: none needed
configure:3841: checking whether gcc understands -c and -o together
configure:3863: gcc -c conftest.c -o conftest2.o
configure:3866: $? = 0
configure:3863: gcc -c conftest.c -o conftest2.o
configure:3866: $? = 0
configure:3878: result: yes
configure:3906: checking for style of include used by make
configure:3934: result: GNU
configure:3960: checking dependency style of gcc
configure:4071: result: gcc3
configure:4115: checking build system type
configure:4129: result: x86_64-apple-darwin14.0.0
configure:4149: checking host system type
configure:4162: result: x86_64-apple-darwin14.0.0
configure:4203: checking how to print strings
configure:4230: result: printf
configure:4251: checking for a sed that does not truncate output
configure:4315: result: /opt/local/bin/gsed
configure:4333: checking for grep that handles long lines and -e
configure:4391: result: /usr/bin/grep
configure:4396: checking for egrep
configure:4458: result: /usr/bin/grep -E
configure:4463: checking for fgrep
configure:4525: result: /usr/bin/grep -F
configure:4560: checking for ld used by gcc
configure:4627: result: /Applications/Xcode.app/Contents/Developer/Toolchains/XcodeDefault.xctoolchain/usr/bin/ld
configure:4634: checking if the linker (/Applications/Xcode.app/Contents/Developer/Toolchains/XcodeDefault.xctoolchain/usr/bin/ld) is GNU ld
configure:4649: result: no
configure:4661: checking for BSD- or MS-compatible name lister (nm)
configure:4710: result: /opt/local/bin/nm
configure:4840: checking the name lister (/opt/local/bin/nm) interface
configure:4847: gcc -c -g -O2  conftest.c >&5
configure:4850: /opt/local/bin/nm "conftest.o"
configure:4853: output
0000000000000240 S _some_variable
configure:4860: result: BSD nm
configure:4863: checking whether ln -s works
configure:4867: result: yes
configure:4875: checking the maximum length of command line arguments
configure:5005: result: 196608
configure:5022: checking whether the shell understands some XSI constructs
configure:5032: result: yes
configure:5036: checking whether the shell understands "+="
configure:5042: result: yes
configure:5077: checking how to convert x86_64-apple-darwin14.0.0 file names to x86_64-apple-darwin14.0.0 format
configure:5117: result: func_convert_file_noop
configure:5124: checking how to convert x86_64-apple-darwin14.0.0 file names to toolchain format
configure:5144: result: func_convert_file_noop
configure:5151: checking for /Applications/Xcode.app/Contents/Developer/Toolchains/XcodeDefault.xctoolchain/usr/bin/ld option to reload object files
configure:5158: result: -r
configure:5232: checking for objdump
configure:5262: result: no
configure:5291: checking how to recognize dependent libraries
configure:5493: result: pass_all
configure:5578: checking for dlltool
configure:5608: result: no
configure:5638: checking how to associate runtime and link libraries
configure:5665: result: printf %s\n
configure:5726: checking for ar
configure:5742: found /opt/local/bin/ar
configure:5753: result: ar
configure:5790: checking for archiver @FILE support
configure:5807: gcc -c -g -O2  conftest.c >&5
configure:5807: $? = 0
configure:5810: ar cru libconftest.a @conftest.lst >&5
ar: @conftest.lst: No such file or directory
configure:5813: $? = 1
configure:5833: result: no
configure:5891: checking for strip
configure:5907: found /opt/local/bin/strip
configure:5918: result: strip
configure:5990: checking for ranlib
configure:6006: found /opt/local/bin/ranlib
configure:6017: result: ranlib
configure:6119: checking command to parse /opt/local/bin/nm output from gcc object
configure:6239: gcc -c -g -O2  conftest.c >&5
configure:6242: $? = 0
configure:6246: /opt/local/bin/nm conftest.o \| sed -n -e 's/^.*[ ]\([BCDEGRST][BCDEGRST]*\)[ ][ ]*\([_A-Za-z][_A-Za-z0-9]*\)$/\1 \2 \2/p' | sed '/ __gnu_lto/d' \> conftest.nm
configure:6249: $? = 0
cannot find nm_test_var in conftest.nm
configure:6239: gcc -c -g -O2  conftest.c >&5
configure:6242: $? = 0
configure:6246: /opt/local/bin/nm conftest.o \| sed -n -e 's/^.*[ ]\([BCDEGRST][BCDEGRST]*\)[ ][ ]*_\([_A-Za-z][_A-Za-z0-9]*\)$/\1 _\2 \2/p' | sed '/ __gnu_lto/d' \> conftest.nm
configure:6249: $? = 0
configure:6315: gcc -o conftest -g -O2   conftest.c conftstm.o >&5
configure:6318: $? = 0
configure:6356: result: ok
configure:6393: checking for sysroot
configure:6423: result: no
configure:6685: checking for mt
configure:6715: result: no
configure:6735: checking if : is a manifest tool
configure:6741: : '-?'
configure:6749: result: no
configure:6805: checking for dsymutil
configure:6821: found /usr/bin/dsymutil
configure:6832: result: dsymutil
configure:6897: checking for nmedit
configure:6913: found /opt/local/bin/nmedit
configure:6924: result: nmedit
configure:6989: checking for lipo
configure:7005: found /opt/local/bin/lipo
configure:7016: result: lipo
configure:7081: checking for otool
configure:7097: found /opt/local/bin/otool
configure:7108: result: otool
configure:7173: checking for otool64
configure:7203: result: no
configure:7248: checking for -single_module linker flag
gcc -g -O2  -o libconftest.dylib -dynamiclib -Wl,-single_module conftest.c
configure:7281: result: yes
configure:7284: checking for -exported_symbols_list linker flag
configure:7304: gcc -o conftest -g -O2   -Wl,-exported_symbols_list,conftest.sym conftest.c  >&5
configure:7304: $? = 0
configure:7314: result: yes
configure:7317: checking for -force_load linker flag
gcc -g -O2 -c -o conftest.o conftest.c
ar cru libconftest.a conftest.o
ranlib libconftest.a
gcc -g -O2  -o conftest conftest.c -Wl,-force_load,./libconftest.a
configure:7349: result: yes
configure:7391: checking how to run the C preprocessor
configure:7422: gcc -E  conftest.c
configure:7422: $? = 0
configure:7436: gcc -E  conftest.c
conftest.c:11:10: fatal error: 'ac_nonexistent.h' file not found
#include <ac_nonexistent.h>
         ^
1 error generated.
configure:7436: $? = 1
configure: failed program was:
| /* confdefs.h */
| #define PACKAGE_NAME "libusb"
| #define PACKAGE_TARNAME "libusb"
| #define PACKAGE_VERSION "1.0.19"
| #define PACKAGE_STRING "libusb 1.0.19"
| #define PACKAGE_BUGREPORT "libusb-devel@lists.sourceforge.net"
| #define PACKAGE_URL "http://libusb.info"
| #define PACKAGE "libusb"
| #define VERSION "1.0.19"
| /* end confdefs.h.  */
| #include <ac_nonexistent.h>
configure:7461: result: gcc -E
configure:7481: gcc -E  conftest.c
configure:7481: $? = 0
configure:7495: gcc -E  conftest.c
conftest.c:11:10: fatal error: 'ac_nonexistent.h' file not found
#include <ac_nonexistent.h>
         ^
1 error generated.
configure:7495: $? = 1
configure: failed program was:
| /* confdefs.h */
| #define PACKAGE_NAME "libusb"
| #define PACKAGE_TARNAME "libusb"
| #define PACKAGE_VERSION "1.0.19"
| #define PACKAGE_STRING "libusb 1.0.19"
| #define PACKAGE_BUGREPORT "libusb-devel@lists.sourceforge.net"
| #define PACKAGE_URL "http://libusb.info"
| #define PACKAGE "libusb"
| #define VERSION "1.0.19"
| /* end confdefs.h.  */
| #include <ac_nonexistent.h>
configure:7524: checking for ANSI C header files
configure:7544: gcc -c -g -O2  conftest.c >&5
configure:7544: $? = 0
configure:7617: gcc -o conftest -g -O2   conftest.c  >&5
configure:7617: $? = 0
configure:7617: ./conftest
configure:7617: $? = 0
configure:7628: result: yes
configure:7641: checking for sys/types.h
configure:7641: gcc -c -g -O2  conftest.c >&5
configure:7641: $? = 0
configure:7641: result: yes
configure:7641: checking for sys/stat.h
configure:7641: gcc -c -g -O2  conftest.c >&5
configure:7641: $? = 0
configure:7641: result: yes
configure:7641: checking for stdlib.h
configure:7641: gcc -c -g -O2  conftest.c >&5
configure:7641: $? = 0
configure:7641: result: yes
configure:7641: checking for string.h
configure:7641: gcc -c -g -O2  conftest.c >&5
configure:7641: $? = 0
configure:7641: result: yes
configure:7641: checking for memory.h
configure:7641: gcc -c -g -O2  conftest.c >&5
configure:7641: $? = 0
configure:7641: result: yes
configure:7641: checking for strings.h
configure:7641: gcc -c -g -O2  conftest.c >&5
configure:7641: $? = 0
configure:7641: result: yes
configure:7641: checking for inttypes.h
configure:7641: gcc -c -g -O2  conftest.c >&5
configure:7641: $? = 0
configure:7641: result: yes
configure:7641: checking for stdint.h
configure:7641: gcc -c -g -O2  conftest.c >&5
configure:7641: $? = 0
configure:7641: result: yes
configure:7641: checking for unistd.h
configure:7641: gcc -c -g -O2  conftest.c >&5
configure:7641: $? = 0
configure:7641: result: yes
configure:7655: checking for dlfcn.h
configure:7655: gcc -c -g -O2  conftest.c >&5
configure:7655: $? = 0
configure:7655: result: yes
configure:7861: checking for objdir
configure:7876: result: .libs
configure:8147: checking if gcc supports -fno-rtti -fno-exceptions
configure:8165: gcc -c -g -O2  -fno-rtti -fno-exceptions conftest.c >&5
configure:8169: $? = 0
configure:8182: result: yes
configure:8509: checking for gcc option to produce PIC
configure:8516: result: -fno-common -DPIC
configure:8524: checking if gcc PIC flag -fno-common -DPIC works
configure:8542: gcc -c -g -O2  -fno-common -DPIC -DPIC conftest.c >&5
configure:8546: $? = 0
configure:8559: result: yes
configure:8588: checking if gcc static flag -static works
configure:8616: result: no
configure:8631: checking if gcc supports -c -o file.o
configure:8652: gcc -c -g -O2  -o out/conftest2.o conftest.c >&5
configure:8656: $? = 0
configure:8678: result: yes
configure:8686: checking if gcc supports -c -o file.o
configure:8733: result: yes
configure:8766: checking whether the gcc linker (/Applications/Xcode.app/Contents/Developer/Toolchains/XcodeDefault.xctoolchain/usr/bin/ld) supports shared libraries
configure:9919: result: yes
configure:10159: checking dynamic linker characteristics
configure:10896: result: darwin14.0.0 dyld
configure:11003: checking how to hardcode library paths into programs
configure:11028: result: immediate
configure:11568: checking whether stripping libraries is possible
configure:11582: result: yes
configure:11608: checking if libtool supports shared libraries
configure:11610: result: yes
configure:11613: checking whether to build shared libraries
configure:11634: result: yes
configure:11637: checking whether to build static libraries
configure:11641: result: yes
configure:11721: checking for windres
configure:11751: result: no
configure:11855: checking for inline
configure:11871: gcc -c -g -O2  conftest.c >&5
configure:11871: $? = 0
configure:11879: result: inline
configure:11904: checking operating system
configure:11925: result: Darwin/Mac OS X
configure:12173: checking poll.h usability
configure:12173: gcc -c -g -O2  conftest.c >&5
configure:12173: $? = 0
configure:12173: result: yes
configure:12173: checking poll.h presence
configure:12173: gcc -E  conftest.c
configure:12173: $? = 0
configure:12173: result: yes
configure:12173: checking for poll.h
configure:12173: result: yes
configure:12183: checking for nfds_t
configure:12183: gcc -c -g -O2  conftest.c >&5
configure:12183: $? = 0
configure:12183: gcc -c -g -O2  conftest.c >&5
conftest.c:31:21: error: expected expression
if (sizeof ((nfds_t)))
                    ^
1 error generated.
configure:12183: $? = 1
configure: failed program was:
| /* confdefs.h */
| #define PACKAGE_NAME "libusb"
| #define PACKAGE_TARNAME "libusb"
| #define PACKAGE_VERSION "1.0.19"
| #define PACKAGE_STRING "libusb 1.0.19"
| #define PACKAGE_BUGREPORT "libusb-devel@lists.sourceforge.net"
| #define PACKAGE_URL "http://libusb.info"
| #define PACKAGE "libusb"
| #define VERSION "1.0.19"
| #define STDC_HEADERS 1
| #define HAVE_SYS_TYPES_H 1
| #define HAVE_SYS_STAT_H 1
| #define HAVE_STDLIB_H 1
| #define HAVE_STRING_H 1
| #define HAVE_MEMORY_H 1
| #define HAVE_STRINGS_H 1
| #define HAVE_INTTYPES_H 1
| #define HAVE_STDINT_H 1
| #define HAVE_UNISTD_H 1
| #define HAVE_DLFCN_H 1
| #define LT_OBJDIR ".libs/"
| #define _GNU_SOURCE 1
| #define OS_DARWIN 1
| #define HAVE_POLL_H 1
| /* end confdefs.h.  */
| #include <poll.h>
| 
| int
| main ()
| {
| if (sizeof ((nfds_t)))
| 	    return 0;
|   ;
|   return 0;
| }
configure:12183: result: yes
configure:12328: checking sys/timerfd.h usability
configure:12328: gcc -c -g -O2  conftest.c >&5
conftest.c:61:10: fatal error: 'sys/timerfd.h' file not found
#include <sys/timerfd.h>
         ^
1 error generated.
configure:12328: $? = 1
configure: failed program was:
| /* confdefs.h */
| #define PACKAGE_NAME "libusb"
| #define PACKAGE_TARNAME "libusb"
| #define PACKAGE_VERSION "1.0.19"
| #define PACKAGE_STRING "libusb 1.0.19"
| #define PACKAGE_BUGREPORT "libusb-devel@lists.sourceforge.net"
| #define PACKAGE_URL "http://libusb.info"
| #define PACKAGE "libusb"
| #define VERSION "1.0.19"
| #define STDC_HEADERS 1
| #define HAVE_SYS_TYPES_H 1
| #define HAVE_SYS_STAT_H 1
| #define HAVE_STDLIB_H 1
| #define HAVE_STRING_H 1
| #define HAVE_MEMORY_H 1
| #define HAVE_STRINGS_H 1
| #define HAVE_INTTYPES_H 1
| #define HAVE_STDINT_H 1
| #define HAVE_UNISTD_H 1
| #define HAVE_DLFCN_H 1
| #define LT_OBJDIR ".libs/"
| #define _GNU_SOURCE 1
| #define OS_DARWIN 1
| #define HAVE_POLL_H 1
| #define POLL_NFDS_TYPE nfds_t
| #define THREADS_POSIX 1
| /* end confdefs.h.  */
| #include <stdio.h>
| #ifdef HAVE_SYS_TYPES_H
| # include <sys/types.h>
| #endif
| #ifdef HAVE_SYS_STAT_H
| # include <sys/stat.h>
| #endif
| #ifdef STDC_HEADERS
| # include <stdlib.h>
| # include <stddef.h>
| #else
| # ifdef HAVE_STDLIB_H
| #  include <stdlib.h>
| # endif
| #endif
| #ifdef HAVE_STRING_H
| # if !defined STDC_HEADERS && defined HAVE_MEMORY_H
| #  include <memory.h>
| # endif
| # include <string.h>
| #endif
| #ifdef HAVE_STRINGS_H
| # include <strings.h>
| #endif
| #ifdef HAVE_INTTYPES_H
| # include <inttypes.h>
| #endif
| #ifdef HAVE_STDINT_H
| # include <stdint.h>
| #endif
| #ifdef HAVE_UNISTD_H
| # include <unistd.h>
| #endif
| #include <sys/timerfd.h>
configure:12328: result: no
configure:12328: checking sys/timerfd.h presence
configure:12328: gcc -E  conftest.c
conftest.c:28:10: fatal error: 'sys/timerfd.h' file not found
#include <sys/timerfd.h>
         ^
1 error generated.
configure:12328: $? = 1
configure: failed program was:
| /* confdefs.h */
| #define PACKAGE_NAME "libusb"
| #define PACKAGE_TARNAME "libusb"
| #define PACKAGE_VERSION "1.0.19"
| #define PACKAGE_STRING "libusb 1.0.19"
| #define PACKAGE_BUGREPORT "libusb-devel@lists.sourceforge.net"
| #define PACKAGE_URL "http://libusb.info"
| #define PACKAGE "libusb"
| #define VERSION "1.0.19"
| #define STDC_HEADERS 1
| #define HAVE_SYS_TYPES_H 1
| #define HAVE_SYS_STAT_H 1
| #define HAVE_STDLIB_H 1
| #define HAVE_STRING_H 1
| #define HAVE_MEMORY_H 1
| #define HAVE_STRINGS_H 1
| #define HAVE_INTTYPES_H 1
| #define HAVE_STDINT_H 1
| #define HAVE_UNISTD_H 1
| #define HAVE_DLFCN_H 1
| #define LT_OBJDIR ".libs/"
| #define _GNU_SOURCE 1
| #define OS_DARWIN 1
| #define HAVE_POLL_H 1
| #define POLL_NFDS_TYPE nfds_t
| #define THREADS_POSIX 1
| /* end confdefs.h.  */
| #include <sys/timerfd.h>
configure:12328: result: no
configure:12328: checking for sys/timerfd.h
configure:12328: result: no
configure:12348: checking whether TFD_NONBLOCK is declared
configure:12348: gcc -c -g -O2  conftest.c >&5
conftest.c:28:10: fatal error: 'sys/timerfd.h' file not found
#include <sys/timerfd.h>
         ^
1 error generated.
configure:12348: $? = 1
configure: failed program was:
| /* confdefs.h */
| #define PACKAGE_NAME "libusb"
| #define PACKAGE_TARNAME "libusb"
| #define PACKAGE_VERSION "1.0.19"
| #define PACKAGE_STRING "libusb 1.0.19"
| #define PACKAGE_BUGREPORT "libusb-devel@lists.sourceforge.net"
| #define PACKAGE_URL "http://libusb.info"
| #define PACKAGE "libusb"
| #define VERSION "1.0.19"
| #define STDC_HEADERS 1
| #define HAVE_SYS_TYPES_H 1
| #define HAVE_SYS_STAT_H 1
| #define HAVE_STDLIB_H 1
| #define HAVE_STRING_H 1
| #define HAVE_MEMORY_H 1
| #define HAVE_STRINGS_H 1
| #define HAVE_INTTYPES_H 1
| #define HAVE_STDINT_H 1
| #define HAVE_UNISTD_H 1
| #define HAVE_DLFCN_H 1
| #define LT_OBJDIR ".libs/"
| #define _GNU_SOURCE 1
| #define OS_DARWIN 1
| #define HAVE_POLL_H 1
| #define POLL_NFDS_TYPE nfds_t
| #define THREADS_POSIX 1
| /* end confdefs.h.  */
| #include <sys/timerfd.h>
| 
| int
| main ()
| {
| #ifndef TFD_NONBLOCK
| #ifdef __cplusplus
|   (void) TFD_NONBLOCK;
| #else
|   (void) TFD_NONBLOCK;
| #endif
| #endif
| 
|   ;
|   return 0;
| }
configure:12348: result: no
configure:12360: checking whether to use timerfd for timing
configure:12373: result: no (header not available)
configure:12378: checking for struct timespec
configure:12378: gcc -c -g -O2  conftest.c >&5
configure:12378: $? = 0
configure:12378: gcc -c -g -O2  conftest.c >&5
conftest.c:64:30: error: expected expression
if (sizeof ((struct timespec)))
                             ^
1 error generated.
configure:12378: $? = 1
configure: failed program was:
| /* confdefs.h */
| #define PACKAGE_NAME "libusb"
| #define PACKAGE_TARNAME "libusb"
| #define PACKAGE_VERSION "1.0.19"
| #define PACKAGE_STRING "libusb 1.0.19"
| #define PACKAGE_BUGREPORT "libusb-devel@lists.sourceforge.net"
| #define PACKAGE_URL "http://libusb.info"
| #define PACKAGE "libusb"
| #define VERSION "1.0.19"
| #define STDC_HEADERS 1
| #define HAVE_SYS_TYPES_H 1
| #define HAVE_SYS_STAT_H 1
| #define HAVE_STDLIB_H 1
| #define HAVE_STRING_H 1
| #define HAVE_MEMORY_H 1
| #define HAVE_STRINGS_H 1
| #define HAVE_INTTYPES_H 1
| #define HAVE_STDINT_H 1
| #define HAVE_UNISTD_H 1
| #define HAVE_DLFCN_H 1
| #define LT_OBJDIR ".libs/"
| #define _GNU_SOURCE 1
| #define OS_DARWIN 1
| #define HAVE_POLL_H 1
| #define POLL_NFDS_TYPE nfds_t
| #define THREADS_POSIX 1
| /* end confdefs.h.  */
| #include <stdio.h>
| #ifdef HAVE_SYS_TYPES_H
| # include <sys/types.h>
| #endif
| #ifdef HAVE_SYS_STAT_H
| # include <sys/stat.h>
| #endif
| #ifdef STDC_HEADERS
| # include <stdlib.h>
| # include <stddef.h>
| #else
| # ifdef HAVE_STDLIB_H
| #  include <stdlib.h>
| # endif
| #endif
| #ifdef HAVE_STRING_H
| # if !defined STDC_HEADERS && defined HAVE_MEMORY_H
| #  include <memory.h>
| # endif
| # include <string.h>
| #endif
| #ifdef HAVE_STRINGS_H
| # include <strings.h>
| #endif
| #ifdef HAVE_INTTYPES_H
| # include <inttypes.h>
| #endif
| #ifdef HAVE_STDINT_H
| # include <stdint.h>
| #endif
| #ifdef HAVE_UNISTD_H
| # include <unistd.h>
| #endif
| int
| main ()
| {
| if (sizeof ((struct timespec)))
| 	    return 0;
|   ;
|   return 0;
| }
configure:12378: result: yes
configure:12432: checking syslog.h usability
configure:12432: gcc -c -g -O2  conftest.c >&5
configure:12432: $? = 0
configure:12432: result: yes
configure:12432: checking syslog.h presence
configure:12432: gcc -E  conftest.c
configure:12432: $? = 0
configure:12432: result: yes
configure:12432: checking for syslog.h
configure:12432: result: yes
configure:12442: checking for syslog
configure:12442: gcc -o conftest -g -O2   conftest.c -lobjc -Wl,-framework,IOKit -Wl,-framework,CoreFoundation >&5
configure:12442: $? = 0
configure:12442: result: yes
configure:12504: gcc -c -g -O2 -Werror -fvisibility=hidden  conftest.c >&5
configure:12504: $? = 0
configure:12532: gcc -c -g -O2 -Wno-pointer-sign  conftest.c >&5
configure:12532: $? = 0
configure:12541: checking for sigaction
configure:12541: gcc -o conftest -g -O2   conftest.c -lobjc -Wl,-framework,IOKit -Wl,-framework,CoreFoundation >&5
configure:12541: $? = 0
configure:12541: result: yes
configure:12560: checking sys/time.h usability
configure:12560: gcc -c -g -O2  conftest.c >&5
configure:12560: $? = 0
configure:12560: result: yes
configure:12560: checking sys/time.h presence
configure:12560: gcc -E  conftest.c
configure:12560: $? = 0
configure:12560: result: yes
configure:12560: checking for sys/time.h
configure:12560: result: yes
configure:12572: checking for gettimeofday
configure:12572: gcc -o conftest -g -O2   conftest.c -lobjc -Wl,-framework,IOKit -Wl,-framework,CoreFoundation >&5
configure:12572: $? = 0
configure:12572: result: yes
configure:12583: checking signal.h usability
configure:12583: gcc -c -g -O2  conftest.c >&5
configure:12583: $? = 0
configure:12583: result: yes
configure:12583: checking signal.h presence
configure:12583: gcc -E  conftest.c
configure:12583: $? = 0
configure:12583: result: yes
configure:12583: checking for signal.h
configure:12583: result: yes
configure:12722: checking that generated files are newer than configure
configure:12728: result: done
configure:12799: creating ./config.status

## ---------------------- ##
## Running config.status. ##
## ---------------------- ##

This file was extended by libusb config.status 1.0.19, which was
generated by GNU Autoconf 2.69.  Invocation command line was

  CONFIG_FILES    = 
  CONFIG_HEADERS  = 
  CONFIG_LINKS    = 
  CONFIG_COMMANDS = 
  $ ./config.status 

on manta.PSYCH.UPENN.EDU

config.status:1175: creating libusb-1.0.pc
config.status:1175: creating Makefile
config.status:1175: creating libusb/Makefile
config.status:1175: creating examples/Makefile
config.status:1175: creating tests/Makefile
config.status:1175: creating doc/Makefile
config.status:1175: creating doc/doxygen.cfg
config.status:1175: creating config.h
config.status:1404: executing depfiles commands
config.status:1404: executing libtool commands

## ---------------- ##
## Cache variables. ##
## ---------------- ##

ac_cv_build=x86_64-apple-darwin14.0.0
ac_cv_c_compiler_gnu=yes
ac_cv_c_inline=inline
ac_cv_env_CC_set=
ac_cv_env_CC_value=
ac_cv_env_CFLAGS_set=
ac_cv_env_CFLAGS_value=
ac_cv_env_CPPFLAGS_set=
ac_cv_env_CPPFLAGS_value=
ac_cv_env_CPP_set=
ac_cv_env_CPP_value=
ac_cv_env_LDFLAGS_set=
ac_cv_env_LDFLAGS_value=
ac_cv_env_LIBS_set=
ac_cv_env_LIBS_value=
ac_cv_env_build_alias_set=
ac_cv_env_build_alias_value=
ac_cv_env_host_alias_set=
ac_cv_env_host_alias_value=
ac_cv_env_target_alias_set=
ac_cv_env_target_alias_value=
ac_cv_func_gettimeofday=yes
ac_cv_func_sigaction=yes
ac_cv_func_syslog=yes
ac_cv_have_decl_TFD_NONBLOCK=no
ac_cv_header_dlfcn_h=yes
ac_cv_header_inttypes_h=yes
ac_cv_header_memory_h=yes
ac_cv_header_poll_h=yes
ac_cv_header_signal_h=yes
ac_cv_header_stdc=yes
ac_cv_header_stdint_h=yes
ac_cv_header_stdlib_h=yes
ac_cv_header_string_h=yes
ac_cv_header_strings_h=yes
ac_cv_header_sys_stat_h=yes
ac_cv_header_sys_time_h=yes
ac_cv_header_sys_timerfd_h=no
ac_cv_header_sys_types_h=yes
ac_cv_header_syslog_h=yes
ac_cv_header_unistd_h=yes
ac_cv_host=x86_64-apple-darwin14.0.0
ac_cv_objext=o
ac_cv_path_EGREP='/usr/bin/grep -E'
ac_cv_path_FGREP='/usr/bin/grep -F'
ac_cv_path_GREP=/usr/bin/grep
ac_cv_path_SED=/opt/local/bin/gsed
ac_cv_path_install='/usr/bin/install -c'
ac_cv_prog_AWK=awk
ac_cv_prog_CPP='gcc -E'
ac_cv_prog_ac_ct_AR=ar
ac_cv_prog_ac_ct_CC=gcc
ac_cv_prog_ac_ct_DSYMUTIL=dsymutil
ac_cv_prog_ac_ct_LIPO=lipo
ac_cv_prog_ac_ct_NMEDIT=nmedit
ac_cv_prog_ac_ct_OTOOL=otool
ac_cv_prog_ac_ct_RANLIB=ranlib
ac_cv_prog_ac_ct_STRIP=strip
ac_cv_prog_cc_c89=
ac_cv_prog_cc_g=yes
ac_cv_prog_make_make_set=yes
ac_cv_type_nfds_t=yes
ac_cv_type_struct_timespec=yes
am_cv_CC_dependencies_compiler_type=gcc3
am_cv_make_support_nested_variables=yes
am_cv_prog_cc_c_o=yes
lt_cv_apple_cc_single_mod=yes
lt_cv_ar_at_file=no
lt_cv_deplibs_check_method=pass_all
lt_cv_file_magic_cmd='$MAGIC_CMD'
lt_cv_file_magic_test_file=
lt_cv_ld_exported_symbols_list=yes
lt_cv_ld_force_load=yes
lt_cv_ld_reload_flag=-r
lt_cv_nm_interface='BSD nm'
lt_cv_objdir=.libs
lt_cv_path_LD=/Applications/Xcode.app/Contents/Developer/Toolchains/XcodeDefault.xctoolchain/usr/bin/ld
lt_cv_path_NM=/opt/local/bin/nm
lt_cv_path_mainfest_tool=no
lt_cv_prog_compiler_c_o=yes
lt_cv_prog_compiler_c_o_RC=yes
lt_cv_prog_compiler_pic='-fno-common -DPIC'
lt_cv_prog_compiler_pic_works=yes
lt_cv_prog_compiler_rtti_exceptions=yes
lt_cv_prog_compiler_static_works=no
lt_cv_prog_gnu_ld=no
lt_cv_sharedlib_from_linklib_cmd='printf %s\n'
lt_cv_sys_global_symbol_pipe='sed -n -e '\''s/^.*[	 ]\([BCDEGRST][BCDEGRST]*\)[	 ][	 ]*_\([_A-Za-z][_A-Za-z0-9]*\)$/\1 _\2 \2/p'\'' | sed '\''/ __gnu_lto/d'\'''
lt_cv_sys_global_symbol_to_c_name_address='sed -n -e '\''s/^: \([^ ]*\)[ ]*$/  {\"\1\", (void *) 0},/p'\'' -e '\''s/^[BCDEGRST]* \([^ ]*\) \([^ ]*\)$/  {"\2", (void *) \&\2},/p'\'''
lt_cv_sys_global_symbol_to_c_name_address_lib_prefix='sed -n -e '\''s/^: \([^ ]*\)[ ]*$/  {\"\1\", (void *) 0},/p'\'' -e '\''s/^[BCDEGRST]* \([^ ]*\) \(lib[^ ]*\)$/  {"\2", (void *) \&\2},/p'\'' -e '\''s/^[BCDEGRST]* \([^ ]*\) \([^ ]*\)$/  {"lib\2", (void *) \&\2},/p'\'''
lt_cv_sys_global_symbol_to_cdecl='sed -n -e '\''s/^T .* \(.*\)$/extern int \1();/p'\'' -e '\''s/^[BCDEGRST]* .* \(.*\)$/extern char \1;/p'\'''
lt_cv_sys_max_cmd_len=196608
lt_cv_to_host_file_cmd=func_convert_file_noop
lt_cv_to_tool_file_cmd=func_convert_file_noop

## ----------------- ##
## Output variables. ##
## ----------------- ##

ACLOCAL='${SHELL} /Users/nicolas/Desktop/LabJackOscilloscope/LibUSB/libusb-1.0.19/missing aclocal-1.14'
AMDEPBACKSLASH='\'
AMDEP_FALSE='#'
AMDEP_TRUE=''
AMTAR='$${TAR-tar}'
AM_BACKSLASH='\'
AM_CFLAGS=' -std=gnu99 -Wall -Wundef -Wunused -Wstrict-prototypes -Werror-implicit-function-declaration -Wno-pointer-sign -Wshadow  -fvisibility=hidden'
AM_DEFAULT_V='$(AM_DEFAULT_VERBOSITY)'
AM_DEFAULT_VERBOSITY='0'
AM_V='$(V)'
AR='ar'
AUTOCONF='${SHELL} /Users/nicolas/Desktop/LabJackOscilloscope/LibUSB/libusb-1.0.19/missing autoconf'
AUTOHEADER='${SHELL} /Users/nicolas/Desktop/LabJackOscilloscope/LibUSB/libusb-1.0.19/missing autoheader'
AUTOMAKE='${SHELL} /Users/nicolas/Desktop/LabJackOscilloscope/LibUSB/libusb-1.0.19/missing automake-1.14'
AWK='awk'
BUILD_EXAMPLES_FALSE=''
BUILD_EXAMPLES_TRUE='#'
BUILD_TESTS_FALSE=''
BUILD_TESTS_TRUE='#'
CC='gcc'
CCDEPMODE='depmode=gcc3'
CFLAGS='-g -O2'
CPP='gcc -E'
CPPFLAGS=''
CREATE_IMPORT_LIB_FALSE=''
CREATE_IMPORT_LIB_TRUE='#'
CYGPATH_W='echo'
DEFS='-DHAVE_CONFIG_H'
DEPDIR='.deps'
DLLTOOL='false'
DSYMUTIL='dsymutil'
DUMPBIN=''
ECHO_C='\c'
ECHO_N=''
ECHO_T=''
EGREP='/usr/bin/grep -E'
EXEEXT=''
FGREP='/usr/bin/grep -F'
GREP='/usr/bin/grep'
HAVE_SIGACTION_FALSE='#'
HAVE_SIGACTION_TRUE=''
INSTALL_DATA='${INSTALL} -m 644'
INSTALL_PROGRAM='${INSTALL}'
INSTALL_SCRIPT='${INSTALL}'
INSTALL_STRIP_PROGRAM='$(install_sh) -c -s'
LD='/Applications/Xcode.app/Contents/Developer/Toolchains/XcodeDefault.xctoolchain/usr/bin/ld'
LDFLAGS=''
LIBOBJS=''
LIBS='-lobjc -Wl,-framework,IOKit -Wl,-framework,CoreFoundation'
LIBTOOL='$(SHELL) $(top_builddir)/libtool'
LIPO='lipo'
LN_S='ln -s'
LTLDFLAGS='-version-info 1:0:1 -no-undefined -Wl,-prebind'
LTLIBOBJS=''
MAINT='#'
MAINTAINER_MODE_FALSE=''
MAINTAINER_MODE_TRUE='#'
MAKEINFO='${SHELL} /Users/nicolas/Desktop/LabJackOscilloscope/LibUSB/libusb-1.0.19/missing makeinfo'
MANIFEST_TOOL=':'
MKDIR_P='./install-sh -c -d'
NM='/opt/local/bin/nm'
NMEDIT='nmedit'
OBJDUMP='false'
OBJEXT='o'
OS_DARWIN=''
OS_DARWIN_FALSE='#'
OS_DARWIN_TRUE=''
OS_LINUX=''
OS_LINUX_FALSE=''
OS_LINUX_TRUE='#'
OS_NETBSD=''
OS_NETBSD_FALSE=''
OS_NETBSD_TRUE='#'
OS_OPENBSD=''
OS_OPENBSD_FALSE=''
OS_OPENBSD_TRUE='#'
OS_WINDOWS=''
OS_WINDOWS_FALSE=''
OS_WINDOWS_TRUE='#'
OTOOL64=':'
OTOOL='otool'
PACKAGE='libusb'
PACKAGE_BUGREPORT='libusb-devel@lists.sourceforge.net'
PACKAGE_NAME='libusb'
PACKAGE_STRING='libusb 1.0.19'
PACKAGE_TARNAME='libusb'
PACKAGE_URL='http://libusb.info'
PACKAGE_VERSION='1.0.19'
PATH_SEPARATOR=':'
RANLIB='ranlib'
RC=''
SED='/opt/local/bin/gsed'
SET_MAKE=''
SHELL='/bin/sh'
STRIP='strip'
THREADS_POSIX_FALSE='#'
THREADS_POSIX_TRUE=''
USE_UDEV=''
USE_UDEV_FALSE=''
USE_UDEV_TRUE='#'
VERSION='1.0.19'
ac_ct_AR='ar'
ac_ct_CC='gcc'
ac_ct_DUMPBIN=''
am__EXEEXT_FALSE=''
am__EXEEXT_TRUE='#'
am__fastdepCC_FALSE='#'
am__fastdepCC_TRUE=''
am__include='include'
am__isrc=''
am__leading_dot='.'
am__nodep='_no'
am__quote=''
am__tar='$${TAR-tar} chof - "$$tardir"'
am__untar='$${TAR-tar} xf -'
bindir='${exec_prefix}/bin'
build='x86_64-apple-darwin14.0.0'
build_alias=''
build_cpu='x86_64'
build_os='darwin14.0.0'
build_vendor='apple'
datadir='${datarootdir}'
datarootdir='${prefix}/share'
docdir='${datarootdir}/doc/${PACKAGE_TARNAME}'
dvidir='${docdir}'
exec_prefix='${prefix}'
host='x86_64-apple-darwin14.0.0'
host_alias=''
host_cpu='x86_64'
host_os='darwin14.0.0'
host_vendor='apple'
htmldir='${docdir}'
includedir='${prefix}/include'
infodir='${datarootdir}/info'
install_sh='${SHELL} /Users/nicolas/Desktop/LabJackOscilloscope/LibUSB/libusb-1.0.19/install-sh'
libdir='${exec_prefix}/lib'
libexecdir='${exec_prefix}/libexec'
localedir='${datarootdir}/locale'
localstatedir='${prefix}/var'
mandir='${datarootdir}/man'
mkdir_p='$(MKDIR_P)'
oldincludedir='/usr/include'
pdfdir='${docdir}'
prefix='/usr/local'
program_transform_name='s,x,x,'
psdir='${docdir}'
sbindir='${exec_prefix}/sbin'
sharedstatedir='${prefix}/com'
sysconfdir='${prefix}/etc'
target_alias=''

## ----------- ##
## confdefs.h. ##
## ----------- ##

/* confdefs.h */
#define PACKAGE_NAME "libusb"
#define PACKAGE_TARNAME "libusb"
#define PACKAGE_VERSION "1.0.19"
#define PACKAGE_STRING "libusb 1.0.19"
#define PACKAGE_BUGREPORT "libusb-devel@lists.sourceforge.net"
#define PACKAGE_URL "http://libusb.info"
#define PACKAGE "libusb"
#define VERSION "1.0.19"
#define STDC_HEADERS 1
#define HAVE_SYS_TYPES_H 1
#define HAVE_SYS_STAT_H 1
#define HAVE_STDLIB_H 1
#define HAVE_STRING_H 1
#define HAVE_MEMORY_H 1
#define HAVE_STRINGS_H 1
#define HAVE_INTTYPES_H 1
#define HAVE_STDINT_H 1
#define HAVE_UNISTD_H 1
#define HAVE_DLFCN_H 1
#define LT_OBJDIR ".libs/"
#define _GNU_SOURCE 1
#define OS_DARWIN 1
#define HAVE_POLL_H 1
#define POLL_NFDS_TYPE nfds_t
#define THREADS_POSIX 1
#define HAVE_STRUCT_TIMESPEC 1
#define ENABLE_LOGGING 1
#define HAVE_SYSLOG_H 1
#define HAVE_SYSLOG_FUNC 1
#define DEFAULT_VISIBILITY __attribute__((visibility("default")))
#define HAVE_SYS_TIME_H 1
#define HAVE_GETTIMEOFDAY 1
#define HAVE_SIGNAL_H 1

configure: exit 0
